<?xml version="1.0" encoding="UTF-8"?>
<testng-results ignored="0" total="1" passed="1" failed="0" skipped="0">
  <reporter-output>
  </reporter-output>
  <suite started-at="2023-07-14T14:16:20 IST" name="Default suite" finished-at="2023-07-14T14:16:42 IST" duration-ms="22156">
    <groups>
    </groups>
    <test started-at="2023-07-14T14:16:20 IST" name="Default test" finished-at="2023-07-14T14:16:42 IST" duration-ms="22156">
      <class name="com.inetBanking.testCases.TC_LoginTest_001">
        <test-method is-config="true" signature="setup()[pri:0, instance:com.inetBanking.testCases.TC_LoginTest_001@71a8adcf]" started-at="2023-07-14T14:16:20 IST" name="setup" finished-at="2023-07-14T14:16:23 IST" duration-ms="2897" status="PASS">
          <reporter-output>
          </reporter-output>
        </test-method> <!-- setup -->
        <test-method signature="LoginTest()[pri:0, instance:com.inetBanking.testCases.TC_LoginTest_001@71a8adcf]" started-at="2023-07-14T14:16:23 IST" name="LoginTest" finished-at="2023-07-14T14:16:41 IST" duration-ms="18124" status="PASS">
          <reporter-output>
          </reporter-output>
        </test-method> <!-- LoginTest -->
        <test-method is-config="true" signature="teardown()[pri:0, instance:com.inetBanking.testCases.TC_LoginTest_001@71a8adcf]" started-at="2023-07-14T14:16:41 IST" name="teardown" finished-at="2023-07-14T14:16:42 IST" duration-ms="1109" status="PASS">
          <reporter-output>
          </reporter-output>
        </test-method> <!-- teardown -->
      </class> <!-- com.inetBanking.testCases.TC_LoginTest_001 -->
    </test> <!-- Default test -->
  </suite> <!-- Default suite -->
</testng-results>
